<?xml version="1.0" encoding="UTF-8"?>
<coverage generated="1620396698765" clover="3.2.0">
  <project timestamp="1620396698765" name="All files">
    <metrics statements="87" coveredstatements="78" conditionals="22" coveredconditionals="18" methods="17" coveredmethods="16" elements="126" coveredelements="112" complexity="0" loc="87" ncloc="87" packages="1" files="2" classes="2"/>
    <file name="index.js" path="C:\dev\training\_rocketSeat\ignite\node\rocketseat-ignite-node-mod01-chall02\src\index.js">
      <metrics statements="85" coveredstatements="78" conditionals="22" coveredconditionals="18" methods="17" coveredmethods="16"/>
      <line num="1" count="6" type="stmt"/>
      <line num="2" count="6" type="stmt"/>
      <line num="4" count="6" type="stmt"/>
      <line num="6" count="6" type="stmt"/>
      <line num="7" count="6" type="stmt"/>
      <line num="8" count="6" type="stmt"/>
      <line num="10" count="6" type="stmt"/>
      <line num="12" count="6" type="stmt"/>
      <line num="16" count="11" type="stmt"/>
      <line num="18" count="42" type="stmt"/>
      <line num="19" count="11" type="cond" truecount="2" falsecount="0"/>
      <line num="20" count="1" type="stmt"/>
      <line num="22" count="10" type="stmt"/>
      <line num="24" count="10" type="stmt"/>
      <line num="28" count="8" type="stmt"/>
      <line num="29" count="8" type="cond" truecount="4" falsecount="0"/>
      <line num="30" count="1" type="stmt"/>
      <line num="32" count="7" type="stmt"/>
      <line num="37" count="10" type="stmt"/>
      <line num="38" count="10" type="stmt"/>
      <line num="40" count="10" type="stmt"/>
      <line num="41" count="10" type="stmt"/>
      <line num="42" count="10" type="cond" truecount="2" falsecount="0"/>
      <line num="43" count="1" type="stmt"/>
      <line num="45" count="35" type="stmt"/>
      <line num="46" count="9" type="cond" truecount="2" falsecount="0"/>
      <line num="47" count="1" type="stmt"/>
      <line num="49" count="8" type="cond" truecount="2" falsecount="0"/>
      <line num="50" count="4" type="stmt"/>
      <line num="52" count="4" type="stmt"/>
      <line num="53" count="4" type="cond" truecount="1" falsecount="1"/>
      <line num="54" count="0" type="stmt"/>
      <line num="56" count="4" type="stmt"/>
      <line num="57" count="4" type="stmt"/>
      <line num="59" count="4" type="stmt"/>
      <line num="64" count="3" type="stmt"/>
      <line num="66" count="4" type="stmt"/>
      <line num="67" count="3" type="cond" truecount="2" falsecount="0"/>
      <line num="68" count="1" type="stmt"/>
      <line num="70" count="2" type="stmt"/>
      <line num="72" count="2" type="stmt"/>
      <line num="75" count="6" type="stmt"/>
      <line num="76" count="12" type="stmt"/>
      <line num="78" count="33" type="stmt"/>
      <line num="80" count="12" type="cond" truecount="2" falsecount="0"/>
      <line num="81" count="1" type="stmt"/>
      <line num="84" count="11" type="stmt"/>
      <line num="92" count="11" type="stmt"/>
      <line num="94" count="11" type="stmt"/>
      <line num="97" count="6" type="stmt"/>
      <line num="98" count="1" type="stmt"/>
      <line num="100" count="1" type="stmt"/>
      <line num="103" count="6" type="stmt"/>
      <line num="104" count="0" type="stmt"/>
      <line num="106" count="0" type="cond" truecount="0" falsecount="2"/>
      <line num="107" count="0" type="stmt"/>
      <line num="110" count="0" type="stmt"/>
      <line num="112" count="0" type="stmt"/>
      <line num="115" count="6" type="stmt"/>
      <line num="116" count="2" type="stmt"/>
      <line num="118" count="2" type="stmt"/>
      <line num="121" count="6" type="stmt"/>
      <line num="122" count="5" type="stmt"/>
      <line num="123" count="5" type="stmt"/>
      <line num="125" count="5" type="stmt"/>
      <line num="133" count="5" type="stmt"/>
      <line num="135" count="5" type="stmt"/>
      <line num="138" count="6" type="stmt"/>
      <line num="139" count="1" type="stmt"/>
      <line num="140" count="1" type="stmt"/>
      <line num="142" count="1" type="stmt"/>
      <line num="143" count="1" type="stmt"/>
      <line num="145" count="1" type="stmt"/>
      <line num="148" count="6" type="stmt"/>
      <line num="149" count="1" type="stmt"/>
      <line num="151" count="1" type="stmt"/>
      <line num="153" count="1" type="stmt"/>
      <line num="156" count="6" type="stmt"/>
      <line num="157" count="1" type="stmt"/>
      <line num="159" count="1" type="stmt"/>
      <line num="161" count="1" type="cond" truecount="1" falsecount="1"/>
      <line num="162" count="0" type="stmt"/>
      <line num="165" count="1" type="stmt"/>
      <line num="167" count="1" type="stmt"/>
      <line num="170" count="6" type="stmt"/>
    </file>
    <file name="server.js" path="C:\dev\training\_rocketSeat\ignite\node\rocketseat-ignite-node-mod01-chall02\src\server.js">
      <metrics statements="2" coveredstatements="0" conditionals="0" coveredconditionals="0" methods="0" coveredmethods="0"/>
      <line num="1" count="0" type="stmt"/>
      <line num="3" count="0" type="stmt"/>
    </file>
  </project>
</coverage>
