{"C:\\dev\\training\\_rocketSeat\\ignite\\node\\rocketseat-ignite-node-mod01-chall02\\src\\index.js": {"path":"C:\\dev\\training\\_rocketSeat\\ignite\\node\\rocketseat-ignite-node-mod01-chall02\\src\\index.js","statementMap":{"0":{"start":{"line":1,"column":16},"end":{"line":1,"column":34}},"1":{"start":{"line":2,"column":13},"end":{"line":2,"column":28}},"2":{"start":{"line":4,"column":33},"end":{"line":4,"column":48}},"3":{"start":{"line":6,"column":12},"end":{"line":6,"column":21}},"4":{"start":{"line":7,"column":0},"end":{"line":7,"column":24}},"5":{"start":{"line":8,"column":0},"end":{"line":8,"column":16}},"6":{"start":{"line":10,"column":14},"end":{"line":10,"column":16}},"7":{"start":{"line":12,"column":24},"end":{"line":12,"column":26}},"8":{"start":{"line":16,"column":17},"end":{"line":16,"column":41}},"9":{"start":{"line":18,"column":13},"end":{"line":18,"column":53}},"10":{"start":{"line":18,"column":29},"end":{"line":18,"column":52}},"11":{"start":{"line":19,"column":2},"end":{"line":20,"column":67}},"12":{"start":{"line":20,"column":4},"end":{"line":20,"column":67}},"13":{"start":{"line":22,"column":2},"end":{"line":22,"column":25}},"14":{"start":{"line":24,"column":2},"end":{"line":24,"column":16}},"15":{"start":{"line":28,"column":13},"end":{"line":28,"column":25}},"16":{"start":{"line":29,"column":2},"end":{"line":30,"column":79}},"17":{"start":{"line":30,"column":4},"end":{"line":30,"column":79}},"18":{"start":{"line":32,"column":2},"end":{"line":32,"column":16}},"19":{"start":{"line":37,"column":17},"end":{"line":37,"column":41}},"20":{"start":{"line":38,"column":11},"end":{"line":38,"column":28}},"21":{"start":{"line":40,"column":22},"end":{"line":40,"column":89}},"22":{"start":{"line":41,"column":24},"end":{"line":41,"column":44}},"23":{"start":{"line":42,"column":2},"end":{"line":43,"column":65}},"24":{"start":{"line":43,"column":4},"end":{"line":43,"column":65}},"25":{"start":{"line":45,"column":13},"end":{"line":45,"column":53}},"26":{"start":{"line":45,"column":29},"end":{"line":45,"column":52}},"27":{"start":{"line":46,"column":2},"end":{"line":47,"column":67}},"28":{"start":{"line":47,"column":4},"end":{"line":47,"column":67}},"29":{"start":{"line":49,"column":2},"end":{"line":50,"column":80}},"30":{"start":{"line":50,"column":4},"end":{"line":50,"column":80}},"31":{"start":{"line":52,"column":13},"end":{"line":52,"column":46}},"32":{"start":{"line":52,"column":34},"end":{"line":52,"column":45}},"33":{"start":{"line":53,"column":2},"end":{"line":54,"column":80}},"34":{"start":{"line":54,"column":4},"end":{"line":54,"column":80}},"35":{"start":{"line":56,"column":2},"end":{"line":56,"column":25}},"36":{"start":{"line":57,"column":2},"end":{"line":57,"column":25}},"37":{"start":{"line":59,"column":2},"end":{"line":59,"column":16}},"38":{"start":{"line":64,"column":11},"end":{"line":64,"column":28}},"39":{"start":{"line":66,"column":13},"end":{"line":66,"column":41}},"40":{"start":{"line":66,"column":29},"end":{"line":66,"column":40}},"41":{"start":{"line":67,"column":2},"end":{"line":68,"column":67}},"42":{"start":{"line":68,"column":4},"end":{"line":68,"column":67}},"43":{"start":{"line":70,"column":2},"end":{"line":70,"column":25}},"44":{"start":{"line":72,"column":2},"end":{"line":72,"column":16}},"45":{"start":{"line":75,"column":0},"end":{"line":95,"column":3}},"46":{"start":{"line":76,"column":29},"end":{"line":76,"column":41}},"47":{"start":{"line":78,"column":32},"end":{"line":78,"column":80}},"48":{"start":{"line":78,"column":53},"end":{"line":78,"column":79}},"49":{"start":{"line":80,"column":2},"end":{"line":82,"column":3}},"50":{"start":{"line":81,"column":4},"end":{"line":81,"column":75}},"51":{"start":{"line":84,"column":15},"end":{"line":90,"column":3}},"52":{"start":{"line":92,"column":2},"end":{"line":92,"column":19}},"53":{"start":{"line":94,"column":2},"end":{"line":94,"column":41}},"54":{"start":{"line":97,"column":0},"end":{"line":101,"column":3}},"55":{"start":{"line":98,"column":19},"end":{"line":98,"column":26}},"56":{"start":{"line":100,"column":2},"end":{"line":100,"column":29}},"57":{"start":{"line":103,"column":0},"end":{"line":113,"column":3}},"58":{"start":{"line":104,"column":19},"end":{"line":104,"column":26}},"59":{"start":{"line":106,"column":2},"end":{"line":108,"column":3}},"60":{"start":{"line":107,"column":4},"end":{"line":107,"column":82}},"61":{"start":{"line":110,"column":2},"end":{"line":110,"column":18}},"62":{"start":{"line":112,"column":2},"end":{"line":112,"column":29}},"63":{"start":{"line":115,"column":0},"end":{"line":119,"column":3}},"64":{"start":{"line":116,"column":19},"end":{"line":116,"column":26}},"65":{"start":{"line":118,"column":2},"end":{"line":118,"column":35}},"66":{"start":{"line":121,"column":0},"end":{"line":136,"column":3}},"67":{"start":{"line":122,"column":30},"end":{"line":122,"column":42}},"68":{"start":{"line":123,"column":19},"end":{"line":123,"column":26}},"69":{"start":{"line":125,"column":18},"end":{"line":131,"column":3}},"70":{"start":{"line":133,"column":2},"end":{"line":133,"column":27}},"71":{"start":{"line":135,"column":2},"end":{"line":135,"column":44}},"72":{"start":{"line":138,"column":0},"end":{"line":146,"column":3}},"73":{"start":{"line":139,"column":30},"end":{"line":139,"column":42}},"74":{"start":{"line":140,"column":19},"end":{"line":140,"column":26}},"75":{"start":{"line":142,"column":2},"end":{"line":142,"column":21}},"76":{"start":{"line":143,"column":2},"end":{"line":143,"column":37}},"77":{"start":{"line":145,"column":2},"end":{"line":145,"column":29}},"78":{"start":{"line":148,"column":0},"end":{"line":154,"column":3}},"79":{"start":{"line":149,"column":19},"end":{"line":149,"column":26}},"80":{"start":{"line":151,"column":2},"end":{"line":151,"column":19}},"81":{"start":{"line":153,"column":2},"end":{"line":153,"column":29}},"82":{"start":{"line":156,"column":0},"end":{"line":168,"column":3}},"83":{"start":{"line":157,"column":25},"end":{"line":157,"column":32}},"84":{"start":{"line":159,"column":20},"end":{"line":159,"column":44}},"85":{"start":{"line":161,"column":2},"end":{"line":163,"column":3}},"86":{"start":{"line":162,"column":4},"end":{"line":162,"column":66}},"87":{"start":{"line":165,"column":2},"end":{"line":165,"column":34}},"88":{"start":{"line":167,"column":2},"end":{"line":167,"column":37}},"89":{"start":{"line":170,"column":0},"end":{"line":177,"column":2}}},"fnMap":{"0":{"name":"checksExistsUserAccount","decl":{"start":{"line":14,"column":9},"end":{"line":14,"column":32}},"loc":{"start":{"line":14,"column":58},"end":{"line":25,"column":1}},"line":14},"1":{"name":"(anonymous_1)","decl":{"start":{"line":18,"column":24},"end":{"line":18,"column":25}},"loc":{"start":{"line":18,"column":29},"end":{"line":18,"column":52}},"line":18},"2":{"name":"checksCreateTodosUserAvailability","decl":{"start":{"line":27,"column":9},"end":{"line":27,"column":42}},"loc":{"start":{"line":27,"column":68},"end":{"line":33,"column":1}},"line":27},"3":{"name":"checksTodoExists","decl":{"start":{"line":35,"column":9},"end":{"line":35,"column":25}},"loc":{"start":{"line":35,"column":51},"end":{"line":60,"column":1}},"line":35},"4":{"name":"(anonymous_4)","decl":{"start":{"line":45,"column":24},"end":{"line":45,"column":25}},"loc":{"start":{"line":45,"column":29},"end":{"line":45,"column":52}},"line":45},"5":{"name":"(anonymous_5)","decl":{"start":{"line":52,"column":29},"end":{"line":52,"column":30}},"loc":{"start":{"line":52,"column":34},"end":{"line":52,"column":45}},"line":52},"6":{"name":"findUserById","decl":{"start":{"line":62,"column":9},"end":{"line":62,"column":21}},"loc":{"start":{"line":62,"column":47},"end":{"line":73,"column":1}},"line":62},"7":{"name":"(anonymous_7)","decl":{"start":{"line":66,"column":24},"end":{"line":66,"column":25}},"loc":{"start":{"line":66,"column":29},"end":{"line":66,"column":40}},"line":66},"8":{"name":"(anonymous_8)","decl":{"start":{"line":75,"column":19},"end":{"line":75,"column":20}},"loc":{"start":{"line":75,"column":42},"end":{"line":95,"column":1}},"line":75},"9":{"name":"(anonymous_9)","decl":{"start":{"line":78,"column":43},"end":{"line":78,"column":44}},"loc":{"start":{"line":78,"column":53},"end":{"line":78,"column":79}},"line":78},"10":{"name":"(anonymous_10)","decl":{"start":{"line":97,"column":36},"end":{"line":97,"column":37}},"loc":{"start":{"line":97,"column":59},"end":{"line":101,"column":1}},"line":97},"11":{"name":"(anonymous_11)","decl":{"start":{"line":103,"column":42},"end":{"line":103,"column":43}},"loc":{"start":{"line":103,"column":65},"end":{"line":113,"column":1}},"line":103},"12":{"name":"(anonymous_12)","decl":{"start":{"line":115,"column":43},"end":{"line":115,"column":44}},"loc":{"start":{"line":115,"column":66},"end":{"line":119,"column":1}},"line":115},"13":{"name":"(anonymous_13)","decl":{"start":{"line":121,"column":79},"end":{"line":121,"column":80}},"loc":{"start":{"line":121,"column":102},"end":{"line":136,"column":1}},"line":121},"14":{"name":"(anonymous_14)","decl":{"start":{"line":138,"column":40},"end":{"line":138,"column":41}},"loc":{"start":{"line":138,"column":63},"end":{"line":146,"column":1}},"line":138},"15":{"name":"(anonymous_15)","decl":{"start":{"line":148,"column":47},"end":{"line":148,"column":48}},"loc":{"start":{"line":148,"column":70},"end":{"line":154,"column":1}},"line":148},"16":{"name":"(anonymous_16)","decl":{"start":{"line":156,"column":68},"end":{"line":156,"column":69}},"loc":{"start":{"line":156,"column":91},"end":{"line":168,"column":1}},"line":156}},"branchMap":{"0":{"loc":{"start":{"line":19,"column":2},"end":{"line":20,"column":67}},"type":"if","locations":[{"start":{"line":19,"column":2},"end":{"line":20,"column":67}},{"start":{"line":19,"column":2},"end":{"line":20,"column":67}}],"line":19},"1":{"loc":{"start":{"line":29,"column":2},"end":{"line":30,"column":79}},"type":"if","locations":[{"start":{"line":29,"column":2},"end":{"line":30,"column":79}},{"start":{"line":29,"column":2},"end":{"line":30,"column":79}}],"line":29},"2":{"loc":{"start":{"line":29,"column":6},"end":{"line":29,"column":64}},"type":"binary-expr","locations":[{"start":{"line":29,"column":6},"end":{"line":29,"column":24}},{"start":{"line":29,"column":28},"end":{"line":29,"column":64}}],"line":29},"3":{"loc":{"start":{"line":42,"column":2},"end":{"line":43,"column":65}},"type":"if","locations":[{"start":{"line":42,"column":2},"end":{"line":43,"column":65}},{"start":{"line":42,"column":2},"end":{"line":43,"column":65}}],"line":42},"4":{"loc":{"start":{"line":46,"column":2},"end":{"line":47,"column":67}},"type":"if","locations":[{"start":{"line":46,"column":2},"end":{"line":47,"column":67}},{"start":{"line":46,"column":2},"end":{"line":47,"column":67}}],"line":46},"5":{"loc":{"start":{"line":49,"column":2},"end":{"line":50,"column":80}},"type":"if","locations":[{"start":{"line":49,"column":2},"end":{"line":50,"column":80}},{"start":{"line":49,"column":2},"end":{"line":50,"column":80}}],"line":49},"6":{"loc":{"start":{"line":53,"column":2},"end":{"line":54,"column":80}},"type":"if","locations":[{"start":{"line":53,"column":2},"end":{"line":54,"column":80}},{"start":{"line":53,"column":2},"end":{"line":54,"column":80}}],"line":53},"7":{"loc":{"start":{"line":67,"column":2},"end":{"line":68,"column":67}},"type":"if","locations":[{"start":{"line":67,"column":2},"end":{"line":68,"column":67}},{"start":{"line":67,"column":2},"end":{"line":68,"column":67}}],"line":67},"8":{"loc":{"start":{"line":80,"column":2},"end":{"line":82,"column":3}},"type":"if","locations":[{"start":{"line":80,"column":2},"end":{"line":82,"column":3}},{"start":{"line":80,"column":2},"end":{"line":82,"column":3}}],"line":80},"9":{"loc":{"start":{"line":106,"column":2},"end":{"line":108,"column":3}},"type":"if","locations":[{"start":{"line":106,"column":2},"end":{"line":108,"column":3}},{"start":{"line":106,"column":2},"end":{"line":108,"column":3}}],"line":106},"10":{"loc":{"start":{"line":161,"column":2},"end":{"line":163,"column":3}},"type":"if","locations":[{"start":{"line":161,"column":2},"end":{"line":163,"column":3}},{"start":{"line":161,"column":2},"end":{"line":163,"column":3}}],"line":161}},"s":{"0":6,"1":6,"2":6,"3":6,"4":6,"5":6,"6":6,"7":6,"8":11,"9":11,"10":42,"11":11,"12":1,"13":10,"14":10,"15":8,"16":8,"17":1,"18":7,"19":10,"20":10,"21":10,"22":10,"23":10,"24":1,"25":9,"26":35,"27":9,"28":1,"29":8,"30":4,"31":4,"32":4,"33":4,"34":0,"35":4,"36":4,"37":4,"38":3,"39":3,"40":4,"41":3,"42":1,"43":2,"44":2,"45":6,"46":12,"47":12,"48":33,"49":12,"50":1,"51":11,"52":11,"53":11,"54":6,"55":1,"56":1,"57":6,"58":0,"59":0,"60":0,"61":0,"62":0,"63":6,"64":2,"65":2,"66":6,"67":5,"68":5,"69":5,"70":5,"71":5,"72":6,"73":1,"74":1,"75":1,"76":1,"77":1,"78":6,"79":1,"80":1,"81":1,"82":6,"83":1,"84":1,"85":1,"86":0,"87":1,"88":1,"89":6},"f":{"0":11,"1":42,"2":8,"3":10,"4":35,"5":4,"6":3,"7":4,"8":12,"9":33,"10":1,"11":0,"12":2,"13":5,"14":1,"15":1,"16":1},"b":{"0":[1,10],"1":[1,7],"2":[8,7],"3":[1,9],"4":[1,8],"5":[4,4],"6":[0,4],"7":[1,2],"8":[1,11],"9":[0,0],"10":[0,1]},"_coverageSchema":"1a1c01bbd47fc00a2c39e90264f33305004495a9","hash":"606cee6a008d73f0b6a49aee3da8c1c8c48fcfac"}
,"C:\\dev\\training\\_rocketSeat\\ignite\\node\\rocketseat-ignite-node-mod01-chall02\\src\\server.js": {"path":"C:\\dev\\training\\_rocketSeat\\ignite\\node\\rocketseat-ignite-node-mod01-chall02\\src\\server.js","statementMap":{"0":{"start":{"line":1,"column":16},"end":{"line":1,"column":29}},"1":{"start":{"line":3,"column":0},"end":{"line":3,"column":17}}},"fnMap":{},"branchMap":{},"s":{"0":0,"1":0},"f":{},"b":{}}
}
