TN:
SF:src\index.js
FN:14,checksExistsUserAccount
FN:18,(anonymous_1)
FN:27,checksCreateTodosUserAvailability
FN:35,checksTodoExists
FN:45,(anonymous_4)
FN:52,(anonymous_5)
FN:62,findUserById
FN:66,(anonymous_7)
FN:75,(anonymous_8)
FN:78,(anonymous_9)
FN:97,(anonymous_10)
FN:103,(anonymous_11)
FN:115,(anonymous_12)
FN:121,(anonymous_13)
FN:138,(anonymous_14)
FN:148,(anonymous_15)
FN:156,(anonymous_16)
FNF:17
FNH:16
FNDA:11,checksExistsUserAccount
FNDA:42,(anonymous_1)
FNDA:8,checksCreateTodosUserAvailability
FNDA:10,checksTodoExists
FNDA:35,(anonymous_4)
FNDA:4,(anonymous_5)
FNDA:3,findUserById
FNDA:4,(anonymous_7)
FNDA:12,(anonymous_8)
FNDA:33,(anonymous_9)
FNDA:1,(anonymous_10)
FNDA:0,(anonymous_11)
FNDA:2,(anonymous_12)
FNDA:5,(anonymous_13)
FNDA:1,(anonymous_14)
FNDA:1,(anonymous_15)
FNDA:1,(anonymous_16)
DA:1,6
DA:2,6
DA:4,6
DA:6,6
DA:7,6
DA:8,6
DA:10,6
DA:12,6
DA:16,11
DA:18,42
DA:19,11
DA:20,1
DA:22,10
DA:24,10
DA:28,8
DA:29,8
DA:30,1
DA:32,7
DA:37,10
DA:38,10
DA:40,10
DA:41,10
DA:42,10
DA:43,1
DA:45,35
DA:46,9
DA:47,1
DA:49,8
DA:50,4
DA:52,4
DA:53,4
DA:54,0
DA:56,4
DA:57,4
DA:59,4
DA:64,3
DA:66,4
DA:67,3
DA:68,1
DA:70,2
DA:72,2
DA:75,6
DA:76,12
DA:78,33
DA:80,12
DA:81,1
DA:84,11
DA:92,11
DA:94,11
DA:97,6
DA:98,1
DA:100,1
DA:103,6
DA:104,0
DA:106,0
DA:107,0
DA:110,0
DA:112,0
DA:115,6
DA:116,2
DA:118,2
DA:121,6
DA:122,5
DA:123,5
DA:125,5
DA:133,5
DA:135,5
DA:138,6
DA:139,1
DA:140,1
DA:142,1
DA:143,1
DA:145,1
DA:148,6
DA:149,1
DA:151,1
DA:153,1
DA:156,6
DA:157,1
DA:159,1
DA:161,1
DA:162,0
DA:165,1
DA:167,1
DA:170,6
LF:85
LH:78
BRDA:19,0,0,1
BRDA:19,0,1,10
BRDA:29,1,0,1
BRDA:29,1,1,7
BRDA:29,2,0,8
BRDA:29,2,1,7
BRDA:42,3,0,1
BRDA:42,3,1,9
BRDA:46,4,0,1
BRDA:46,4,1,8
BRDA:49,5,0,4
BRDA:49,5,1,4
BRDA:53,6,0,0
BRDA:53,6,1,4
BRDA:67,7,0,1
BRDA:67,7,1,2
BRDA:80,8,0,1
BRDA:80,8,1,11
BRDA:106,9,0,0
BRDA:106,9,1,0
BRDA:161,10,0,0
BRDA:161,10,1,1
BRF:22
BRH:18
end_of_record
TN:
SF:src\server.js
FNF:0
FNH:0
DA:1,0
DA:3,0
LF:2
LH:0
BRF:0
BRH:0
end_of_record
